{
  "numFailedTestSuites": 0,
  "numFailedTests": 0,
  "numPassedTestSuites": 54,
  "numPassedTests": 314,
  "numPendingTestSuites": 0,
  "numPendingTests": 0,
  "numRuntimeErrorTestSuites": 0,
  "numTodoTests": 0,
  "numTotalTestSuites": 54,
  "numTotalTests": 314,
  "openHandles": [],
  "snapshot": {
    "added": 0,
    "didUpdate": false,
    "failure": false,
    "filesAdded": 0,
    "filesRemoved": 0,
    "filesRemovedList": [],
    "filesUnmatched": 0,
    "filesUpdated": 0,
    "matched": 0,
    "total": 0,
    "unchecked": 0,
    "uncheckedKeysByFile": [],
    "unmatched": 0,
    "updated": 0
  },
  "startTime": 1761197165604,
  "success": true,
  "testResults": [
    {
      "assertionResults": [
        {
          "ancestorTitles": ["scoring utils"],
          "duration": 12,
          "failureDetails": [],
          "failureMessages": [],
          "fullName": "scoring utils computeSessionScore basic",
          "invocations": 1,
          "location": null,
          "numPassingAsserts": 1,
          "retryReasons": [],
          "status": "passed",
          "title": "computeSessionScore basic"
        },
        {
          "ancestorTitles": ["scoring utils"],
          "duration": 1,
          "failureDetails": [],
          "failureMessages": [],
          "fullName": "scoring utils win cap applied",
          "invocations": 1,
          "location": null,
          "numPassingAsserts": 1,
          "retryReasons": [],
          "status": "passed",
          "title": "win cap applied"
        },
        {
          "ancestorTitles": ["scoring utils"],
          "duration": 1,
          "failureDetails": [],
          "failureMessages": [],
          "fullName": "scoring utils floor/ceiling applied",
          "invocations": 1,
          "location": null,
          "numPassingAsserts": 2,
          "retryReasons": [],
          "status": "passed",
          "title": "floor/ceiling applied"
        },
        {
          "ancestorTitles": ["scoring utils"],
          "duration": 1,
          "failureDetails": [],
          "failureMessages": [],
          "fullName": "scoring utils applyScoreDelta with bounds",
          "invocations": 1,
          "location": null,
          "numPassingAsserts": 3,
          "retryReasons": [],
          "status": "passed",
          "title": "applyScoreDelta with bounds"
        }
      ],
      "endTime": 1761197168739,
      "message": "",
      "name": "C:\\Users\\yujin\\Documents\\234423\\starbase\\ai-roomchat\\starbase\\ai-roomchat\\__tests__\\lib\\rank\\scoring.test.js",
      "startTime": 1761197167546,
      "status": "passed",
      "summary": ""
    },
    {
      "assertionResults": [
        {
          "ancestorTitles": ["roleLayoutLoader normaliseRolesAndSlots"],
          "duration": 16,
          "failureDetails": [],
          "failureMessages": [],
          "fullName": "roleLayoutLoader normaliseRolesAndSlots prefers rank_game_slots when rank_games.roles is just distinct roles",
          "invocations": 1,
          "location": null,
          "numPassingAsserts": 4,
          "retryReasons": [],
          "status": "passed",
          "title": "prefers rank_game_slots when rank_games.roles is just distinct roles"
        },
        {
          "ancestorTitles": ["roleLayoutLoader normaliseRolesAndSlots"],
          "duration": 2,
          "failureDetails": [],
          "failureMessages": [],
          "fullName": "roleLayoutLoader normaliseRolesAndSlots uses inline layout when it contains duplicates (looks like layout)",
          "invocations": 1,
          "location": null,
          "numPassingAsserts": 3,
          "retryReasons": [],
          "status": "passed",
          "title": "uses inline layout when it contains duplicates (looks like layout)"
        }
      ],
      "endTime": 1761197168739,
      "message": "",
      "name": "C:\\Users\\yujin\\Documents\\234423\\starbase\\ai-roomchat\\starbase\\ai-roomchat\\__tests__\\lib\\roleLayoutLoader.test.js",
      "startTime": 1761197167546,
      "status": "passed",
      "summary": ""
    },
    {
      "assertionResults": [
        {
          "ancestorTitles": ["promptInterpreter"],
          "duration": 22,
          "failureDetails": [],
          "failureMessages": [],
          "fullName": "promptInterpreter interprets prompt with rules and variables",
          "invocations": 1,
          "location": null,
          "numPassingAsserts": 18,
          "retryReasons": [],
          "status": "passed",
          "title": "interprets prompt with rules and variables"
        },
        {
          "ancestorTitles": ["promptInterpreter"],
          "duration": 6,
          "failureDetails": [],
          "failureMessages": [],
          "fullName": "promptInterpreter includes active variable state summaries when provided",
          "invocations": 1,
          "location": null,
          "numPassingAsserts": 4,
          "retryReasons": [],
          "status": "passed",
          "title": "includes active variable state summaries when provided"
        },
        {
          "ancestorTitles": ["promptInterpreter"],
          "duration": 3,
          "failureDetails": [],
          "failureMessages": [],
          "fullName": "promptInterpreter supports history and pick placeholders while reusing participant maps",
          "invocations": 1,
          "location": null,
          "numPassingAsserts": 3,
          "retryReasons": [],
          "status": "passed",
          "title": "supports history and pick placeholders while reusing participant maps"
        },
        {
          "ancestorTitles": ["promptInterpreter"],
          "duration": 3,
          "failureDetails": [],
          "failureMessages": [],
          "fullName": "promptInterpreter maps one-based slot placeholders to zero-based participants without duplication",
          "invocations": 1,
          "location": null,
          "numPassingAsserts": 2,
          "retryReasons": [],
          "status": "passed",
          "title": "maps one-based slot placeholders to zero-based participants without duplication"
        },
        {
          "ancestorTitles": ["promptInterpreter"],
          "duration": 1,
          "failureDetails": [],
          "failureMessages": [],
          "fullName": "promptInterpreter omits default formatting guidance when checklist already covers it",
          "invocations": 1,
          "location": null,
          "numPassingAsserts": 4,
          "retryReasons": [],
          "status": "passed",
          "title": "omits default formatting guidance when checklist already covers it"
        },
        {
          "ancestorTitles": ["promptInterpreter"],
          "duration": 6,
          "failureDetails": [],
          "failureMessages": [],
          "fullName": "promptInterpreter prefers toggle-provided rules over duplicate base guidance",
          "invocations": 1,
          "location": null,
          "numPassingAsserts": 2,
          "retryReasons": [],
          "status": "passed",
          "title": "prefers toggle-provided rules over duplicate base guidance"
        },
        {
          "ancestorTitles": ["promptInterpreter"],
          "duration": 3,
          "failureDetails": [],
          "failureMessages": [],
          "fullName": "promptInterpreter replaces spectator slots with active heroes from the same role",
          "invocations": 1,
          "location": null,
          "numPassingAsserts": 1,
          "retryReasons": [],
          "status": "passed",
          "title": "replaces spectator slots with active heroes from the same role"
        }
      ],
      "endTime": 1761197168836,
      "message": "",
      "name": "C:\\Users\\yujin\\Documents\\234423\\starbase\\ai-roomchat\\starbase\\ai-roomchat\\__tests__\\lib\\rank\\promptInterpreter.test.js",
      "startTime": 1761197167546,
      "status": "passed",
      "summary": ""
    },
    {
      "assertionResults": [
        {
          "ancestorTitles": ["notify-audio-event-trends helpers"],
          "duration": 3,
          "failureDetails": [],
          "failureMessages": [],
          "fullName": "notify-audio-event-trends helpers normalises buckets and fills gaps",
          "invocations": 1,
          "location": null,
          "numPassingAsserts": 4,
          "retryReasons": [],
          "status": "passed",
          "title": "normalises buckets and fills gaps"
        },
        {
          "ancestorTitles": ["notify-audio-event-trends helpers"],
          "duration": 2,
          "failureDetails": [],
          "failureMessages": [],
          "fullName": "notify-audio-event-trends helpers summarises trend deltas",
          "invocations": 1,
          "location": null,
          "numPassingAsserts": 3,
          "retryReasons": [],
          "status": "passed",
          "title": "summarises trend deltas"
        },
        {
          "ancestorTitles": ["notify-audio-event-trends helpers"],
          "duration": 111,
          "failureDetails": [],
          "failureMessages": [],
          "fullName": "notify-audio-event-trends helpers formats delta strings",
          "invocations": 1,
          "location": null,
          "numPassingAsserts": 2,
          "retryReasons": [],
          "status": "passed",
          "title": "formats delta strings"
        },
        {
          "ancestorTitles": ["notify-audio-event-trends helpers"],
          "duration": 2,
          "failureDetails": [],
          "failureMessages": [],
          "fullName": "notify-audio-event-trends helpers builds Slack payload with anomaly and distribution",
          "invocations": 1,
          "location": null,
          "numPassingAsserts": 4,
          "retryReasons": [],
          "status": "passed",
          "title": "builds Slack payload with anomaly and distribution"
        },
        {
          "ancestorTitles": ["notify-audio-event-trends helpers"],
          "duration": 0,
          "failureDetails": [],
          "failureMessages": [],
          "fullName": "notify-audio-event-trends helpers formats numbers with thousands separators",
          "invocations": 1,
          "location": null,
          "numPassingAsserts": 2,
          "retryReasons": [],
          "status": "passed",
          "title": "formats numbers with thousands separators"
        },
        {
          "ancestorTitles": ["notify-audio-event-trends helpers"],
          "duration": 1,
          "failureDetails": [],
          "failureMessages": [],
          "fullName": "notify-audio-event-trends helpers detects anomalies based on deltas",
          "invocations": 1,
          "location": null,
          "numPassingAsserts": 3,
          "retryReasons": [],
          "status": "passed",
          "title": "detects anomalies based on deltas"
        },
        {
          "ancestorTitles": ["notify-audio-event-trends helpers"],
          "duration": 2,
          "failureDetails": [],
          "failureMessages": [],
          "fullName": "notify-audio-event-trends helpers summarises hero distribution",
          "invocations": 1,
          "location": null,
          "numPassingAsserts": 3,
          "retryReasons": [],
          "status": "passed",
          "title": "summarises hero distribution"
        },
        {
          "ancestorTitles": ["notify-audio-event-trends helpers"],
          "duration": 1,
          "failureDetails": [],
          "failureMessages": [],
          "fullName": "notify-audio-event-trends helpers includes subscription highlights in Slack payload",
          "invocations": 1,
          "location": null,
          "numPassingAsserts": 3,
          "retryReasons": [],
          "status": "passed",
          "title": "includes subscription highlights in Slack payload"
        },
        {
          "ancestorTitles": ["notify-audio-event-trends helpers"],
          "duration": 1,
          "failureDetails": [],
          "failureMessages": [],
          "fullName": "notify-audio-event-trends helpers summarises filters and slack metadata for subscriptions",
          "invocations": 1,
          "location": null,
          "numPassingAsserts": 7,
          "retryReasons": [],
          "status": "passed",
          "title": "summarises filters and slack metadata for subscriptions"
        }
      ],
      "endTime": 1761197169235,
      "message": "",
      "name": "C:\\Users\\yujin\\Documents\\234423\\starbase\\ai-roomchat\\starbase\\ai-roomchat\\__tests__\\scripts\\notify-audio-event-trends.test.js",
      "startTime": 1761197168876,
      "status": "passed",
      "summary": ""
    },
    {
      "assertionResults": [
        {
          "ancestorTitles": ["StartClient hooks"],
          "duration": 12,
          "failureDetails": [],
          "failureMessages": [],
          "fullName": "StartClient hooks increments history version when bumping",
          "invocations": 1,
          "location": null,
          "numPassingAsserts": 3,
          "retryReasons": [],
          "status": "passed",
          "title": "increments history version when bumping"
        },
        {
          "ancestorTitles": ["StartClient hooks"],
          "duration": 2,
          "failureDetails": [],
          "failureMessages": [],
          "fullName": "StartClient hooks enforces manual response requirement with custom alert",
          "invocations": 1,
          "location": null,
          "numPassingAsserts": 3,
          "retryReasons": [],
          "status": "passed",
          "title": "enforces manual response requirement with custom alert"
        },
        {
          "ancestorTitles": ["StartClient hooks"],
          "duration": 4,
          "failureDetails": [],
          "failureMessages": [],
          "fullName": "StartClient hooks checks cooldowns and voids session via useStartCooldown",
          "invocations": 1,
          "location": null,
          "numPassingAsserts": 9,
          "retryReasons": [],
          "status": "passed",
          "title": "checks cooldowns and voids session via useStartCooldown"
        },
        {
          "ancestorTitles": ["StartClient hooks"],
          "duration": 4,
          "failureDetails": [],
          "failureMessages": [],
          "fullName": "StartClient hooks persists active session lifecycle records",
          "invocations": 1,
          "location": null,
          "numPassingAsserts": 11,
          "retryReasons": [],
          "status": "passed",
          "title": "persists active session lifecycle records"
        },
        {
          "ancestorTitles": ["StartClient hooks"],
          "duration": 278,
          "failureDetails": [],
          "failureMessages": [],
          "fullName": "StartClient hooks voids stalled sessions after exceeding watchdog threshold",
          "invocations": 1,
          "location": null,
          "numPassingAsserts": 2,
          "retryReasons": [],
          "status": "passed",
          "title": "voids stalled sessions after exceeding watchdog threshold"
        },
        {
          "ancestorTitles": ["StartClient hooks"],
          "duration": 6,
          "failureDetails": [],
          "failureMessages": [],
          "fullName": "StartClient hooks resets watchdog timer when new progress is detected",
          "invocations": 1,
          "location": null,
          "numPassingAsserts": 2,
          "retryReasons": [],
          "status": "passed",
          "title": "resets watchdog timer when new progress is detected"
        },
        {
          "ancestorTitles": ["StartClient hooks"],
          "duration": 7,
          "failureDetails": [],
          "failureMessages": [],
          "fullName": "StartClient hooks tracks API key changes and emits timeline events",
          "invocations": 1,
          "location": null,
          "numPassingAsserts": 4,
          "retryReasons": [],
          "status": "passed",
          "title": "tracks API key changes and emits timeline events"
        }
      ],
      "endTime": 1761197169275,
      "message": "",
      "name": "C:\\Users\\yujin\\Documents\\234423\\starbase\\ai-roomchat\\starbase\\ai-roomchat\\__tests__\\components\\rank\\StartClient\\hooks\\startHooks.test.js",
      "startTime": 1761197168778,
      "status": "passed",
      "summary": ""
    },
    {
      "assertionResults": [
        {
          "ancestorTitles": ["MatchReadyClient store integration"],
          "duration": 53,
          "failureDetails": [],
          "failureMessages": [],
          "fullName": "MatchReadyClient store integration refreshes the applied turn timer when session meta updates in the store",
          "invocations": 1,
          "location": null,
          "numPassingAsserts": 3,
          "retryReasons": [],
          "status": "passed",
          "title": "refreshes the applied turn timer when session meta updates in the store"
        },
        {
          "ancestorTitles": ["MatchReadyClient store integration"],
          "duration": 29,
          "failureDetails": [],
          "failureMessages": [],
          "fullName": "MatchReadyClient store integration shows a waiting hint when the ready check is pending",
          "invocations": 1,
          "location": null,
          "numPassingAsserts": 1,
          "retryReasons": [],
          "status": "passed",
          "title": "shows a waiting hint when the ready check is pending"
        },
        {
          "ancestorTitles": ["MatchReadyClient store integration"],
          "duration": 56,
          "failureDetails": [],
          "failureMessages": [],
          "fullName": "MatchReadyClient store integration opens diagnostics panel when the toggle button is clicked",
          "invocations": 1,
          "location": null,
          "numPassingAsserts": 3,
          "retryReasons": [],
          "status": "passed",
          "title": "opens diagnostics panel when the toggle button is clicked"
        }
      ],
      "endTime": 1761197169278,
      "message": "",
      "name": "C:\\Users\\yujin\\Documents\\234423\\starbase\\ai-roomchat\\starbase\\ai-roomchat\\__tests__\\components\\rank\\MatchReadyClient.test.js",
      "startTime": 1761197168767,
      "status": "passed",
      "summary": ""
    },
    {
      "assertionResults": [
        {
          "ancestorTitles": ["useMakerHome"],
          "duration": 11,
          "failureDetails": [],
          "failureMessages": [],
          "fullName": "useMakerHome invokes onUnauthorized when no user is returned",
          "invocations": 1,
          "location": null,
          "numPassingAsserts": 3,
          "retryReasons": [],
          "status": "passed",
          "title": "invokes onUnauthorized when no user is returned"
        },
        {
          "ancestorTitles": ["useMakerHome"],
          "duration": 3,
          "failureDetails": [],
          "failureMessages": [],
          "fullName": "useMakerHome refreshes prompt sets for the authenticated user",
          "invocations": 1,
          "location": null,
          "numPassingAsserts": 4,
          "retryReasons": [],
          "status": "passed",
          "title": "refreshes prompt sets for the authenticated user"
        },
        {
          "ancestorTitles": ["useMakerHome"],
          "duration": 4,
          "failureDetails": [],
          "failureMessages": [],
          "fullName": "useMakerHome imports prompt set bundles and records version notices",
          "invocations": 1,
          "location": null,
          "numPassingAsserts": 2,
          "retryReasons": [],
          "status": "passed",
          "title": "imports prompt set bundles and records version notices"
        }
      ],
      "endTime": 1761197169473,
      "message": "",
      "name": "C:\\Users\\yujin\\Documents\\234423\\starbase\\ai-roomchat\\starbase\\ai-roomchat\\__tests__\\hooks\\maker\\useMakerHome.test.js",
      "startTime": 1761197169298,
      "status": "passed",
      "summary": ""
    },
    {
      "assertionResults": [
        {
          "ancestorTitles": ["loadActiveRoles"],
          "duration": 4,
          "failureDetails": [],
          "failureMessages": [],
          "fullName": "loadActiveRoles limits slot counts to active slots when a layout exists",
          "invocations": 1,
          "location": null,
          "numPassingAsserts": 1,
          "retryReasons": [],
          "status": "passed",
          "title": "limits slot counts to active slots when a layout exists"
        },
        {
          "ancestorTitles": ["loadActiveRoles"],
          "duration": 1,
          "failureDetails": [],
          "failureMessages": [],
          "fullName": "loadActiveRoles falls back to declared counts when no slot layout exists",
          "invocations": 1,
          "location": null,
          "numPassingAsserts": 1,
          "retryReasons": [],
          "status": "passed",
          "title": "falls back to declared counts when no slot layout exists"
        },
        {
          "ancestorTitles": ["loadActiveRoles"],
          "duration": 1,
          "failureDetails": [],
          "failureMessages": [],
          "fullName": "loadActiveRoles aggregates duplicate role rows for the same game",
          "invocations": 1,
          "location": null,
          "numPassingAsserts": 1,
          "retryReasons": [],
          "status": "passed",
          "title": "aggregates duplicate role rows for the same game"
        },
        {
          "ancestorTitles": ["loadActiveRoles"],
          "duration": 1,
          "failureDetails": [],
          "failureMessages": [],
          "fullName": "loadActiveRoles falls back to the rank_games.roles array only when tables are empty",
          "invocations": 1,
          "location": null,
          "numPassingAsserts": 1,
          "retryReasons": [],
          "status": "passed",
          "title": "falls back to the rank_games.roles array only when tables are empty"
        },
        {
          "ancestorTitles": ["postCheckMatchAssignments"],
          "duration": 5,
          "failureDetails": [],
          "failureMessages": [],
          "fullName": "postCheckMatchAssignments removes duplicate hero entries that do not match their participant role",
          "invocations": 1,
          "location": null,
          "numPassingAsserts": 4,
          "retryReasons": [],
          "status": "passed",
          "title": "removes duplicate hero entries that do not match their participant role"
        },
        {
          "ancestorTitles": ["postCheckMatchAssignments"],
          "duration": 2,
          "failureDetails": [],
          "failureMessages": [],
          "fullName": "postCheckMatchAssignments enforces role capacity limits after removing duplicates",
          "invocations": 1,
          "location": null,
          "numPassingAsserts": 3,
          "retryReasons": [],
          "status": "passed",
          "title": "enforces role capacity limits after removing duplicates"
        },
        {
          "ancestorTitles": ["postCheckMatchAssignments"],
          "duration": 4,
          "failureDetails": [],
          "failureMessages": [],
          "fullName": "postCheckMatchAssignments realigns slot roles to declared roles when assignments use merged labels",
          "invocations": 1,
          "location": null,
          "numPassingAsserts": 6,
          "retryReasons": [],
          "status": "passed",
          "title": "realigns slot roles to declared roles when assignments use merged labels"
        },
        {
          "ancestorTitles": ["loadRoleLayout"],
          "duration": 1,
          "failureDetails": [],
          "failureMessages": [],
          "fullName": "loadRoleLayout builds layout from slot rows when present",
          "invocations": 1,
          "location": null,
          "numPassingAsserts": 2,
          "retryReasons": [],
          "status": "passed",
          "title": "builds layout from slot rows when present"
        },
        {
          "ancestorTitles": ["loadRoleLayout"],
          "duration": 1,
          "failureDetails": [],
          "failureMessages": [],
          "fullName": "loadRoleLayout falls back to role rows when slot layout roles mismatch",
          "invocations": 1,
          "location": null,
          "numPassingAsserts": 2,
          "retryReasons": [],
          "status": "passed",
          "title": "falls back to role rows when slot layout roles mismatch"
        },
        {
          "ancestorTitles": ["loadRoleLayout"],
          "duration": 1,
          "failureDetails": [],
          "failureMessages": [],
          "fullName": "loadRoleLayout creates layout from role counts when slots are missing",
          "invocations": 1,
          "location": null,
          "numPassingAsserts": 2,
          "retryReasons": [],
          "status": "passed",
          "title": "creates layout from role counts when slots are missing"
        },
        {
          "ancestorTitles": ["loadRoleLayout"],
          "duration": 1,
          "failureDetails": [],
          "failureMessages": [],
          "fullName": "loadRoleLayout returns slot layout derived from inline roles array",
          "invocations": 1,
          "location": null,
          "numPassingAsserts": 2,
          "retryReasons": [],
          "status": "passed",
          "title": "returns slot layout derived from inline roles array"
        },
        {
          "ancestorTitles": ["loadMatchSampleSource"],
          "duration": 6,
          "failureDetails": [],
          "failureMessages": [],
          "fullName": "loadMatchSampleSource falls back to participant pool when realtime queue is empty",
          "invocations": 1,
          "location": null,
          "numPassingAsserts": 6,
          "retryReasons": [],
          "status": "passed",
          "title": "falls back to participant pool when realtime queue is empty"
        },
        {
          "ancestorTitles": ["loadMatchSampleSource"],
          "duration": 2,
          "failureDetails": [],
          "failureMessages": [],
          "fullName": "loadMatchSampleSource falls back to queue entries when participant pool is empty",
          "invocations": 1,
          "location": null,
          "numPassingAsserts": 5,
          "retryReasons": [],
          "status": "passed",
          "title": "falls back to queue entries when participant pool is empty"
        },
        {
          "ancestorTitles": ["loadMatchSampleSource"],
          "duration": 4,
          "failureDetails": [],
          "failureMessages": [],
          "fullName": "loadMatchSampleSource waits for realtime queue before injecting stand-ins when under threshold",
          "invocations": 1,
          "location": null,
          "numPassingAsserts": 5,
          "retryReasons": [],
          "status": "passed",
          "title": "waits for realtime queue before injecting stand-ins when under threshold"
        },
        {
          "ancestorTitles": ["loadMatchSampleSource"],
          "duration": 1,
          "failureDetails": [],
          "failureMessages": [],
          "fullName": "loadMatchSampleSource keeps realtime queues limited to actual entrants after the wait threshold",
          "invocations": 1,
          "location": null,
          "numPassingAsserts": 5,
          "retryReasons": [],
          "status": "passed",
          "title": "keeps realtime queues limited to actual entrants after the wait threshold"
        },
        {
          "ancestorTitles": ["enqueueParticipant"],
          "duration": 1,
          "failureDetails": [],
          "failureMessages": [],
          "fullName": "enqueueParticipant prefers the participant record hero when queuing",
          "invocations": 1,
          "location": null,
          "numPassingAsserts": 4,
          "retryReasons": [],
          "status": "passed",
          "title": "prefers the participant record hero when queuing"
        },
        {
          "ancestorTitles": ["enqueueParticipant"],
          "duration": 1,
          "failureDetails": [],
          "failureMessages": [],
          "fullName": "enqueueParticipant falls back to explicit hero when participant entry is missing",
          "invocations": 1,
          "location": null,
          "numPassingAsserts": 4,
          "retryReasons": [],
          "status": "passed",
          "title": "falls back to explicit hero when participant entry is missing"
        },
        {
          "ancestorTitles": ["enqueueParticipant"],
          "duration": 0,
          "failureDetails": [],
          "failureMessages": [],
          "fullName": "enqueueParticipant selects the hero that matches the requested role when multiple entries exist",
          "invocations": 1,
          "location": null,
          "numPassingAsserts": 3,
          "retryReasons": [],
          "status": "passed",
          "title": "selects the hero that matches the requested role when multiple entries exist"
        },
        {
          "ancestorTitles": ["enqueueParticipant"],
          "duration": 3,
          "failureDetails": [],
          "failureMessages": [],
          "fullName": "enqueueParticipant allows queuing when already waiting in another queue during the test override",
          "invocations": 1,
          "location": null,
          "numPassingAsserts": 7,
          "retryReasons": [],
          "status": "passed",
          "title": "allows queuing when already waiting in another queue during the test override"
        },
        {
          "ancestorTitles": ["enqueueParticipant"],
          "duration": 2,
          "failureDetails": [],
          "failureMessages": [],
          "fullName": "enqueueParticipant prevents queuing when already matched in the same queue",
          "invocations": 1,
          "location": null,
          "numPassingAsserts": 3,
          "retryReasons": [],
          "status": "passed",
          "title": "prevents queuing when already matched in the same queue"
        },
        {
          "ancestorTitles": ["enqueueParticipant"],
          "duration": 1,
          "failureDetails": [],
          "failureMessages": [],
          "fullName": "enqueueParticipant replaces an existing waiting entry in the same queue",
          "invocations": 1,
          "location": null,
          "numPassingAsserts": 4,
          "retryReasons": [],
          "status": "passed",
          "title": "replaces an existing waiting entry in the same queue"
        },
        {
          "ancestorTitles": ["loadOwnerParticipantRoster"],
          "duration": 1,
          "failureDetails": [],
          "failureMessages": [],
          "fullName": "loadOwnerParticipantRoster returns a roster map scoped to the provided owners",
          "invocations": 1,
          "location": null,
          "numPassingAsserts": 3,
          "retryReasons": [],
          "status": "passed",
          "title": "returns a roster map scoped to the provided owners"
        },
        {
          "ancestorTitles": ["loadOwnerParticipantRoster"],
          "duration": 3,
          "failureDetails": [],
          "failureMessages": [],
          "fullName": "loadOwnerParticipantRoster preserves hero and role assignments for each participant entry",
          "invocations": 1,
          "location": null,
          "numPassingAsserts": 3,
          "retryReasons": [],
          "status": "passed",
          "title": "preserves hero and role assignments for each participant entry"
        },
        {
          "ancestorTitles": ["runMatching"],
          "duration": 5,
          "failureDetails": [],
          "failureMessages": [],
          "fullName": "runMatching groups solos and duos into a single room within the score window",
          "invocations": 1,
          "location": null,
          "numPassingAsserts": 12,
          "retryReasons": [],
          "status": "passed",
          "title": "groups solos and duos into a single room within the score window"
        },
        {
          "ancestorTitles": ["runMatching"],
          "duration": 1,
          "failureDetails": [],
          "failureMessages": [],
          "fullName": "runMatching returns a pending room when slots are missing",
          "invocations": 1,
          "location": null,
          "numPassingAsserts": 9,
          "retryReasons": [],
          "status": "passed",
          "title": "returns a pending room when slots are missing"
        },
        {
          "ancestorTitles": ["runMatching"],
          "duration": 2,
          "failureDetails": [],
          "failureMessages": [],
          "fullName": "runMatching keeps duplicate heroes in separate waiting rooms",
          "invocations": 1,
          "location": null,
          "numPassingAsserts": 4,
          "retryReasons": [],
          "status": "passed",
          "title": "keeps duplicate heroes in separate waiting rooms"
        },
        {
          "ancestorTitles": ["runMatching"],
          "duration": 1,
          "failureDetails": [],
          "failureMessages": [],
          "fullName": "runMatching ignores participant-pool stand-ins when assembling realtime rooms",
          "invocations": 1,
          "location": null,
          "numPassingAsserts": 4,
          "retryReasons": [],
          "status": "passed",
          "title": "ignores participant-pool stand-ins when assembling realtime rooms"
        },
        {
          "ancestorTitles": ["runMatching"],
          "duration": 1,
          "failureDetails": [],
          "failureMessages": [],
          "fullName": "runMatching rejects parties that exceed the score window",
          "invocations": 1,
          "location": null,
          "numPassingAsserts": 4,
          "retryReasons": [],
          "status": "passed",
          "title": "rejects parties that exceed the score window"
        },
        {
          "ancestorTitles": ["filterStaleQueueEntries"],
          "duration": 1,
          "failureDetails": [],
          "failureMessages": [],
          "fullName": "filterStaleQueueEntries separates fresh and stale entries based on updated timestamp",
          "invocations": 1,
          "location": null,
          "numPassingAsserts": 2,
          "retryReasons": [],
          "status": "passed",
          "title": "separates fresh and stale entries based on updated timestamp"
        },
        {
          "ancestorTitles": ["heartbeatQueueEntry"],
          "duration": 1,
          "failureDetails": [],
          "failureMessages": [],
          "fullName": "heartbeatQueueEntry updates the queue entry timestamp when waiting",
          "invocations": 1,
          "location": null,
          "numPassingAsserts": 3,
          "retryReasons": [],
          "status": "passed",
          "title": "updates the queue entry timestamp when waiting"
        },
        {
          "ancestorTitles": ["extractViewerAssignment"],
          "duration": 2,
          "failureDetails": [],
          "failureMessages": [],
          "fullName": "extractViewerAssignment returns the assignment when the viewer owns a member",
          "invocations": 1,
          "location": null,
          "numPassingAsserts": 1,
          "retryReasons": [],
          "status": "passed",
          "title": "returns the assignment when the viewer owns a member"
        },
        {
          "ancestorTitles": ["extractViewerAssignment"],
          "duration": 0,
          "failureDetails": [],
          "failureMessages": [],
          "fullName": "extractViewerAssignment falls back to hero ownership when owner information is missing",
          "invocations": 1,
          "location": null,
          "numPassingAsserts": 1,
          "retryReasons": [],
          "status": "passed",
          "title": "falls back to hero ownership when owner information is missing"
        },
        {
          "ancestorTitles": ["extractViewerAssignment"],
          "duration": 1,
          "failureDetails": [],
          "failureMessages": [],
          "fullName": "extractViewerAssignment returns null when no members match the viewer or hero",
          "invocations": 1,
          "location": null,
          "numPassingAsserts": 1,
          "retryReasons": [],
          "status": "passed",
          "title": "returns null when no members match the viewer or hero"
        },
        {
          "ancestorTitles": ["sanitizeAssignments"],
          "duration": 2,
          "failureDetails": [],
          "failureMessages": [],
          "fullName": "sanitizeAssignments removes duplicate owners and heroes across slots while tracking removals",
          "invocations": 1,
          "location": null,
          "numPassingAsserts": 9,
          "retryReasons": [],
          "status": "passed",
          "title": "removes duplicate owners and heroes across slots while tracking removals"
        },
        {
          "ancestorTitles": ["sanitizeAssignments"],
          "duration": 1,
          "failureDetails": [],
          "failureMessages": [],
          "fullName": "sanitizeAssignments returns a shallow copy when assignments are empty or already sanitized",
          "invocations": 1,
          "location": null,
          "numPassingAsserts": 3,
          "retryReasons": [],
          "status": "passed",
          "title": "returns a shallow copy when assignments are empty or already sanitized"
        },
        {
          "ancestorTitles": ["sanitizeRooms"],
          "duration": 2,
          "failureDetails": [],
          "failureMessages": [],
          "fullName": "sanitizeRooms deduplicates slot occupants and accumulates removed members",
          "invocations": 1,
          "location": null,
          "numPassingAsserts": 6,
          "retryReasons": [],
          "status": "passed",
          "title": "deduplicates slot occupants and accumulates removed members"
        }
      ],
      "endTime": 1761197169489,
      "message": "",
      "name": "C:\\Users\\yujin\\Documents\\234423\\starbase\\ai-roomchat\\starbase\\ai-roomchat\\__tests__\\lib\\rank\\matchmakingService.test.js",
      "startTime": 1761197169300,
      "status": "passed",
      "summary": ""
    },
    {
      "assertionResults": [
        {
          "ancestorTitles": ["POST /api/rank/session-meta"],
          "duration": 28,
          "failureDetails": [],
          "failureMessages": [],
          "fullName": "POST /api/rank/session-meta rejects non-POST methods",
          "invocations": 1,
          "location": null,
          "numPassingAsserts": 2,
          "retryReasons": [],
          "status": "passed",
          "title": "rejects non-POST methods"
        },
        {
          "ancestorTitles": ["POST /api/rank/session-meta"],
          "duration": 8,
          "failureDetails": [],
          "failureMessages": [],
          "fullName": "POST /api/rank/session-meta requires authorization",
          "invocations": 1,
          "location": null,
          "numPassingAsserts": 4,
          "retryReasons": [],
          "status": "passed",
          "title": "requires authorization"
        },
        {
          "ancestorTitles": ["POST /api/rank/session-meta"],
          "duration": 5,
          "failureDetails": [],
          "failureMessages": [],
          "fullName": "POST /api/rank/session-meta returns 401 when Supabase user lookup fails",
          "invocations": 1,
          "location": null,
          "numPassingAsserts": 3,
          "retryReasons": [],
          "status": "passed",
          "title": "returns 401 when Supabase user lookup fails"
        },
        {
          "ancestorTitles": ["POST /api/rank/session-meta"],
          "duration": 11,
          "failureDetails": [],
          "failureMessages": [],
          "fullName": "POST /api/rank/session-meta persists session meta and turn-state events",
          "invocations": 1,
          "location": null,
          "numPassingAsserts": 10,
          "retryReasons": [],
          "status": "passed",
          "title": "persists session meta and turn-state events"
        },
        {
          "ancestorTitles": ["POST /api/rank/session-meta"],
          "duration": 4,
          "failureDetails": [],
          "failureMessages": [],
          "fullName": "POST /api/rank/session-meta passes extras payload to the RPC when provided",
          "invocations": 1,
          "location": null,
          "numPassingAsserts": 2,
          "retryReasons": [],
          "status": "passed",
          "title": "passes extras payload to the RPC when provided"
        },
        {
          "ancestorTitles": ["POST /api/rank/session-meta"],
          "duration": 3,
          "failureDetails": [],
          "failureMessages": [],
          "fullName": "POST /api/rank/session-meta returns 404 when session is not found",
          "invocations": 1,
          "location": null,
          "numPassingAsserts": 3,
          "retryReasons": [],
          "status": "passed",
          "title": "returns 404 when session is not found"
        },
        {
          "ancestorTitles": ["POST /api/rank/session-meta"],
          "duration": 3,
          "failureDetails": [],
          "failureMessages": [],
          "fullName": "POST /api/rank/session-meta rejects when caller is not the session owner",
          "invocations": 1,
          "location": null,
          "numPassingAsserts": 3,
          "retryReasons": [],
          "status": "passed",
          "title": "rejects when caller is not the session owner"
        },
        {
          "ancestorTitles": ["POST /api/rank/session-meta"],
          "duration": 6,
          "failureDetails": [],
          "failureMessages": [],
          "fullName": "POST /api/rank/session-meta falls back to user RPC when service role auth fails",
          "invocations": 1,
          "location": null,
          "numPassingAsserts": 4,
          "retryReasons": [],
          "status": "passed",
          "title": "falls back to user RPC when service role auth fails"
        },
        {
          "ancestorTitles": ["POST /api/rank/session-meta"],
          "duration": 8,
          "failureDetails": [],
          "failureMessages": [],
          "fullName": "POST /api/rank/session-meta returns 500 when both service role and fallback RPC calls fail",
          "invocations": 1,
          "location": null,
          "numPassingAsserts": 4,
          "retryReasons": [],
          "status": "passed",
          "title": "returns 500 when both service role and fallback RPC calls fail"
        },
        {
          "ancestorTitles": ["POST /api/rank/session-meta"],
          "duration": 10,
          "failureDetails": [],
          "failureMessages": [],
          "fullName": "POST /api/rank/session-meta allows session collaborators occupying the room to update meta",
          "invocations": 1,
          "location": null,
          "numPassingAsserts": 9,
          "retryReasons": [],
          "status": "passed",
          "title": "allows session collaborators occupying the room to update meta"
        },
        {
          "ancestorTitles": ["POST /api/rank/session-meta"],
          "duration": 6,
          "failureDetails": [],
          "failureMessages": [],
          "fullName": "POST /api/rank/session-meta allows collaborators when logs are missing but room belongs to session owner",
          "invocations": 1,
          "location": null,
          "numPassingAsserts": 4,
          "retryReasons": [],
          "status": "passed",
          "title": "allows collaborators when logs are missing but room belongs to session owner"
        },
        {
          "ancestorTitles": ["POST /api/rank/session-meta"],
          "duration": 4,
          "failureDetails": [],
          "failureMessages": [],
          "fullName": "POST /api/rank/session-meta rejects room collaborators when room game does not match session",
          "invocations": 1,
          "location": null,
          "numPassingAsserts": 7,
          "retryReasons": [],
          "status": "passed",
          "title": "rejects room collaborators when room game does not match session"
        },
        {
          "ancestorTitles": ["POST /api/rank/session-meta"],
          "duration": 6,
          "failureDetails": [],
          "failureMessages": [],
          "fullName": "POST /api/rank/session-meta rejects room collaborators when room owner differs from session owner",
          "invocations": 1,
          "location": null,
          "numPassingAsserts": 4,
          "retryReasons": [],
          "status": "passed",
          "title": "rejects room collaborators when room owner differs from session owner"
        },
        {
          "ancestorTitles": ["POST /api/rank/session-meta"],
          "duration": 3,
          "failureDetails": [],
          "failureMessages": [],
          "fullName": "POST /api/rank/session-meta rejects room collaborators when session room differs from payload",
          "invocations": 1,
          "location": null,
          "numPassingAsserts": 5,
          "retryReasons": [],
          "status": "passed",
          "title": "rejects room collaborators when session room differs from payload"
        },
        {
          "ancestorTitles": ["POST /api/rank/session-meta"],
          "duration": 4,
          "failureDetails": [],
          "failureMessages": [],
          "fullName": "POST /api/rank/session-meta rejects collaborators when fallback room is owned by someone else",
          "invocations": 1,
          "location": null,
          "numPassingAsserts": 5,
          "retryReasons": [],
          "status": "passed",
          "title": "rejects collaborators when fallback room is owned by someone else"
        },
        {
          "ancestorTitles": ["POST /api/rank/session-meta"],
          "duration": 10,
          "failureDetails": [],
          "failureMessages": [],
          "fullName": "POST /api/rank/session-meta allows session collaborators recorded in match roster to update meta",
          "invocations": 1,
          "location": null,
          "numPassingAsserts": 5,
          "retryReasons": [],
          "status": "passed",
          "title": "allows session collaborators recorded in match roster to update meta"
        },
        {
          "ancestorTitles": ["POST /api/rank/session-meta"],
          "duration": 3,
          "failureDetails": [],
          "failureMessages": [],
          "fullName": "POST /api/rank/session-meta rejects collaborators without active seats or roster entries",
          "invocations": 1,
          "location": null,
          "numPassingAsserts": 3,
          "retryReasons": [],
          "status": "passed",
          "title": "rejects collaborators without active seats or roster entries"
        },
        {
          "ancestorTitles": ["POST /api/rank/session-meta"],
          "duration": 3,
          "failureDetails": [],
          "failureMessages": [],
          "fullName": "POST /api/rank/session-meta rejects when session game does not match request payload",
          "invocations": 1,
          "location": null,
          "numPassingAsserts": 3,
          "retryReasons": [],
          "status": "passed",
          "title": "rejects when session game does not match request payload"
        },
        {
          "ancestorTitles": ["POST /api/rank/session-meta"],
          "duration": 4,
          "failureDetails": [],
          "failureMessages": [],
          "fullName": "POST /api/rank/session-meta returns 400 when session lookup fails",
          "invocations": 1,
          "location": null,
          "numPassingAsserts": 3,
          "retryReasons": [],
          "status": "passed",
          "title": "returns 400 when session lookup fails"
        },
        {
          "ancestorTitles": ["POST /api/rank/session-meta"],
          "duration": 6,
          "failureDetails": [],
          "failureMessages": [],
          "fullName": "POST /api/rank/session-meta propagates upsert errors",
          "invocations": 1,
          "location": null,
          "numPassingAsserts": 2,
          "retryReasons": [],
          "status": "passed",
          "title": "propagates upsert errors"
        },
        {
          "ancestorTitles": ["POST /api/rank/session-meta"],
          "duration": 4,
          "failureDetails": [],
          "failureMessages": [],
          "fullName": "POST /api/rank/session-meta continues when turn-state event RPC fails",
          "invocations": 1,
          "location": null,
          "numPassingAsserts": 3,
          "retryReasons": [],
          "status": "passed",
          "title": "continues when turn-state event RPC fails"
        },
        {
          "ancestorTitles": ["POST /api/rank/session-meta"],
          "duration": 7,
          "failureDetails": [],
          "failureMessages": [],
          "fullName": "POST /api/rank/session-meta falls back to direct table upsert when session meta RPC is missing",
          "invocations": 1,
          "location": null,
          "numPassingAsserts": 3,
          "retryReasons": [],
          "status": "passed",
          "title": "falls back to direct table upsert when session meta RPC is missing"
        },
        {
          "ancestorTitles": ["POST /api/rank/session-meta"],
          "duration": 5,
          "failureDetails": [],
          "failureMessages": [],
          "fullName": "POST /api/rank/session-meta falls back to direct table upsert when session meta RPC reports an ambiguous session_id",
          "invocations": 1,
          "location": null,
          "numPassingAsserts": 3,
          "retryReasons": [],
          "status": "passed",
          "title": "falls back to direct table upsert when session meta RPC reports an ambiguous session_id"
        },
        {
          "ancestorTitles": ["POST /api/rank/session-meta"],
          "duration": 10,
          "failureDetails": [],
          "failureMessages": [],
          "fullName": "POST /api/rank/session-meta omits missing legacy columns when falling back to the table upsert",
          "invocations": 1,
          "location": null,
          "numPassingAsserts": 4,
          "retryReasons": [],
          "status": "passed",
          "title": "omits missing legacy columns when falling back to the table upsert"
        }
      ],
      "endTime": 1761197169523,
      "message": "",
      "name": "C:\\Users\\yujin\\Documents\\234423\\starbase\\ai-roomchat\\starbase\\ai-roomchat\\__tests__\\api\\rank\\session-meta.test.js",
      "startTime": 1761197169250,
      "status": "passed",
      "summary": ""
    },
    {
      "assertionResults": [
        {
          "ancestorTitles": ["TurnInfoPanel"],
          "duration": 18,
          "failureDetails": [],
          "failureMessages": [],
          "fullName": "TurnInfoPanel highlights critical timer and triggers vibration",
          "invocations": 1,
          "location": null,
          "numPassingAsserts": 5,
          "retryReasons": [],
          "status": "passed",
          "title": "highlights critical timer and triggers vibration"
        }
      ],
      "endTime": 1761197169606,
      "message": "",
      "name": "C:\\Users\\yujin\\Documents\\234423\\starbase\\ai-roomchat\\starbase\\ai-roomchat\\__tests__\\components\\rank\\StartClient\\TurnInfoPanel.test.js",
      "startTime": 1761197169489,
      "status": "passed",
      "summary": ""
    },
    {
      "assertionResults": [
        {
          "ancestorTitles": ["buildCandidateSample"],
          "duration": 2,
          "failureDetails": [],
          "failureMessages": [],
          "fullName": "buildCandidateSample returns queue entries unchanged when realtime matching is enabled",
          "invocations": 1,
          "location": null,
          "numPassingAsserts": 6,
          "retryReasons": [],
          "status": "passed",
          "title": "returns queue entries unchanged when realtime matching is enabled"
        },
        {
          "ancestorTitles": ["buildCandidateSample"],
          "duration": 2,
          "failureDetails": [],
          "failureMessages": [],
          "fullName": "buildCandidateSample filters participant pool by score window, role targets, and ownership when offline",
          "invocations": 1,
          "location": null,
          "numPassingAsserts": 15,
          "retryReasons": [],
          "status": "passed",
          "title": "filters participant pool by score window, role targets, and ownership when offline"
        },
        {
          "ancestorTitles": ["buildCandidateSample"],
          "duration": 1,
          "failureDetails": [],
          "failureMessages": [],
          "fullName": "buildCandidateSample falls back to duplicate-owner stand-ins when no unique candidates exist",
          "invocations": 1,
          "location": null,
          "numPassingAsserts": 6,
          "retryReasons": [],
          "status": "passed",
          "title": "falls back to duplicate-owner stand-ins when no unique candidates exist"
        },
        {
          "ancestorTitles": ["extractMatchingToggles"],
          "duration": 1,
          "failureDetails": [],
          "failureMessages": [],
          "fullName": "extractMatchingToggles treats string \"false\" realtime flag as disabled",
          "invocations": 1,
          "location": null,
          "numPassingAsserts": 1,
          "retryReasons": [],
          "status": "passed",
          "title": "treats string \"false\" realtime flag as disabled"
        },
        {
          "ancestorTitles": ["extractMatchingToggles"],
          "duration": 0,
          "failureDetails": [],
          "failureMessages": [],
          "fullName": "extractMatchingToggles treats string \"true\" realtime flag as enabled",
          "invocations": 1,
          "location": null,
          "numPassingAsserts": 1,
          "retryReasons": [],
          "status": "passed",
          "title": "treats string \"true\" realtime flag as enabled"
        },
        {
          "ancestorTitles": ["extractMatchingToggles"],
          "duration": 0,
          "failureDetails": [],
          "failureMessages": [],
          "fullName": "extractMatchingToggles parses drop-in rule aliases",
          "invocations": 1,
          "location": null,
          "numPassingAsserts": 2,
          "retryReasons": [],
          "status": "passed",
          "title": "parses drop-in rule aliases"
        },
        {
          "ancestorTitles": ["extractMatchingToggles"],
          "duration": 3,
          "failureDetails": [],
          "failureMessages": [],
          "fullName": "extractMatchingToggles treats manual string flags as disabled realtime",
          "invocations": 1,
          "location": null,
          "numPassingAsserts": 1,
          "retryReasons": [],
          "status": "passed",
          "title": "treats manual string flags as disabled realtime"
        },
        {
          "ancestorTitles": ["extractMatchingToggles"],
          "duration": 0,
          "failureDetails": [],
          "failureMessages": [],
          "fullName": "extractMatchingToggles honours match_source overrides for manual games",
          "invocations": 1,
          "location": null,
          "numPassingAsserts": 1,
          "retryReasons": [],
          "status": "passed",
          "title": "honours match_source overrides for manual games"
        },
        {
          "ancestorTitles": ["extractMatchingToggles"],
          "duration": 0,
          "failureDetails": [],
          "failureMessages": [],
          "fullName": "extractMatchingToggles honours match_source overrides for realtime games",
          "invocations": 1,
          "location": null,
          "numPassingAsserts": 1,
          "retryReasons": [],
          "status": "passed",
          "title": "honours match_source overrides for realtime games"
        }
      ],
      "endTime": 1761197169651,
      "message": "",
      "name": "C:\\Users\\yujin\\Documents\\234423\\starbase\\ai-roomchat\\starbase\\ai-roomchat\\__tests__\\lib\\rank\\matchingPipeline.test.js",
      "startTime": 1761197169507,
      "status": "passed",
      "summary": ""
    },
    {
      "assertionResults": [
        {
          "ancestorTitles": ["fetchLatestSessionRow"],
          "duration": 1,
          "failureDetails": [],
          "failureMessages": [],
          "fullName": "fetchLatestSessionRow returns the RPC payload when available",
          "invocations": 1,
          "location": null,
          "numPassingAsserts": 2,
          "retryReasons": [],
          "status": "passed",
          "title": "returns the RPC payload when available"
        },
        {
          "ancestorTitles": ["fetchLatestSessionRow"],
          "duration": 4,
          "failureDetails": [],
          "failureMessages": [],
          "fullName": "fetchLatestSessionRow returns session history when rank_turns rows exist",
          "invocations": 1,
          "location": null,
          "numPassingAsserts": 2,
          "retryReasons": [],
          "status": "passed",
          "title": "returns session history when rank_turns rows exist"
        },
        {
          "ancestorTitles": ["fetchLatestSessionRow"],
          "duration": 1,
          "failureDetails": [],
          "failureMessages": [],
          "fullName": "fetchLatestSessionRow passes the owner filter when provided",
          "invocations": 1,
          "location": null,
          "numPassingAsserts": 2,
          "retryReasons": [],
          "status": "passed",
          "title": "passes the owner filter when provided"
        },
        {
          "ancestorTitles": ["fetchLatestSessionRow"],
          "duration": 1,
          "failureDetails": [],
          "failureMessages": [],
          "fullName": "fetchLatestSessionRow returns null when the RPC reports ambiguity",
          "invocations": 1,
          "location": null,
          "numPassingAsserts": 2,
          "retryReasons": [],
          "status": "passed",
          "title": "returns null when the RPC reports ambiguity"
        },
        {
          "ancestorTitles": ["fetchLatestSessionRow"],
          "duration": 0,
          "failureDetails": [],
          "failureMessages": [],
          "fullName": "fetchLatestSessionRow returns null when the RPC is missing",
          "invocations": 1,
          "location": null,
          "numPassingAsserts": 2,
          "retryReasons": [],
          "status": "passed",
          "title": "returns null when the RPC is missing"
        },
        {
          "ancestorTitles": ["fetchLatestSessionRow"],
          "duration": 6,
          "failureDetails": [],
          "failureMessages": [],
          "fullName": "fetchLatestSessionRow uses the latest-session API in the browser",
          "invocations": 1,
          "location": null,
          "numPassingAsserts": 3,
          "retryReasons": [],
          "status": "passed",
          "title": "uses the latest-session API in the browser"
        },
        {
          "ancestorTitles": ["fetchLatestSessionRow"],
          "duration": 1,
          "failureDetails": [],
          "failureMessages": [],
          "fullName": "fetchLatestSessionRow emits diagnostics when the browser API fails",
          "invocations": 1,
          "location": null,
          "numPassingAsserts": 2,
          "retryReasons": [],
          "status": "passed",
          "title": "emits diagnostics when the browser API fails"
        },
        {
          "ancestorTitles": ["fetchLatestSessionRow"],
          "duration": 1,
          "failureDetails": [],
          "failureMessages": [],
          "fullName": "fetchLatestSessionRow emits diagnostics when the browser API reports a 200 response with RPC metadata",
          "invocations": 1,
          "location": null,
          "numPassingAsserts": 3,
          "retryReasons": [],
          "status": "passed",
          "title": "emits diagnostics when the browser API reports a 200 response with RPC metadata"
        },
        {
          "ancestorTitles": ["fetchLatestSessionRow"],
          "duration": 1,
          "failureDetails": [],
          "failureMessages": [],
          "fullName": "fetchLatestSessionRow returns a session row when the browser API recovers from an ordered-set error",
          "invocations": 1,
          "location": null,
          "numPassingAsserts": 2,
          "retryReasons": [],
          "status": "passed",
          "title": "returns a session row when the browser API recovers from an ordered-set error"
        },
        {
          "ancestorTitles": ["fetchLatestSessionRow"],
          "duration": 1,
          "failureDetails": [],
          "failureMessages": [],
          "fullName": "fetchLatestSessionRow emits an ordered-set hint when the browser API reports a WITHIN GROUP error",
          "invocations": 1,
          "location": null,
          "numPassingAsserts": 2,
          "retryReasons": [],
          "status": "passed",
          "title": "emits an ordered-set hint when the browser API reports a WITHIN GROUP error"
        },
        {
          "ancestorTitles": ["loadMatchFlowSnapshot"],
          "duration": 1,
          "failureDetails": [],
          "failureMessages": [],
          "fullName": "loadMatchFlowSnapshot throws an ordered-set aggregate error when the snapshot RPC fails without WITHIN GROUP",
          "invocations": 1,
          "location": null,
          "numPassingAsserts": 2,
          "retryReasons": [],
          "status": "passed",
          "title": "throws an ordered-set aggregate error when the snapshot RPC fails without WITHIN GROUP"
        },
        {
          "ancestorTitles": ["loadMatchFlowSnapshot"],
          "duration": 1,
          "failureDetails": [],
          "failureMessages": [],
          "fullName": "loadMatchFlowSnapshot throws a snapshot return type mismatch error when the RPC body is misconfigured",
          "invocations": 1,
          "location": null,
          "numPassingAsserts": 2,
          "retryReasons": [],
          "status": "passed",
          "title": "throws a snapshot return type mismatch error when the RPC body is misconfigured"
        },
        {
          "ancestorTitles": ["loadMatchFlowSnapshot"],
          "duration": 1,
          "failureDetails": [],
          "failureMessages": [],
          "fullName": "loadMatchFlowSnapshot throws a snapshot SQL syntax error when the RPC was pasted with placeholders",
          "invocations": 1,
          "location": null,
          "numPassingAsserts": 2,
          "retryReasons": [],
          "status": "passed",
          "title": "throws a snapshot SQL syntax error when the RPC was pasted with placeholders"
        },
        {
          "ancestorTitles": ["loadMatchFlowSnapshot"],
          "duration": 1,
          "failureDetails": [],
          "failureMessages": [],
          "fullName": "loadMatchFlowSnapshot maps the RPC snapshot payload into the match-ready structure",
          "invocations": 1,
          "location": null,
          "numPassingAsserts": 3,
          "retryReasons": [],
          "status": "passed",
          "title": "maps the RPC snapshot payload into the match-ready structure"
        },
        {
          "ancestorTitles": ["loadMatchFlowSnapshot"],
          "duration": 14,
          "failureDetails": [],
          "failureMessages": [],
          "fullName": "loadMatchFlowSnapshot fills pending async seats with stand-in candidates",
          "invocations": 1,
          "location": null,
          "numPassingAsserts": 7,
          "retryReasons": [],
          "status": "passed",
          "title": "fills pending async seats with stand-in candidates"
        },
        {
          "ancestorTitles": ["loadMatchFlowSnapshot"],
          "duration": 1,
          "failureDetails": [],
          "failureMessages": [],
          "fullName": "loadMatchFlowSnapshot creates placeholder roster entries when async seats are missing",
          "invocations": 1,
          "location": null,
          "numPassingAsserts": 4,
          "retryReasons": [],
          "status": "passed",
          "title": "creates placeholder roster entries when async seats are missing"
        },
        {
          "ancestorTitles": ["loadMatchFlowSnapshot"],
          "duration": 7,
          "failureDetails": [],
          "failureMessages": [],
          "fullName": "loadMatchFlowSnapshot hydrates async fill queue via the async stand-in API when the snapshot queue is empty",
          "invocations": 1,
          "location": null,
          "numPassingAsserts": 4,
          "retryReasons": [],
          "status": "passed",
          "title": "hydrates async fill queue via the async stand-in API when the snapshot queue is empty"
        },
        {
          "ancestorTitles": ["loadMatchFlowSnapshot"],
          "duration": 1,
          "failureDetails": [],
          "failureMessages": [],
          "fullName": "loadMatchFlowSnapshot assigns stand-ins even when initial roster is empty",
          "invocations": 1,
          "location": null,
          "numPassingAsserts": 5,
          "retryReasons": [],
          "status": "passed",
          "title": "assigns stand-ins even when initial roster is empty"
        },
        {
          "ancestorTitles": ["loadMatchFlowSnapshot"],
          "duration": 10,
          "failureDetails": [],
          "failureMessages": [],
          "fullName": "loadMatchFlowSnapshot fills vacancies when pending seat data is missing but seat indexes reveal gaps",
          "invocations": 1,
          "location": null,
          "numPassingAsserts": 3,
          "retryReasons": [],
          "status": "passed",
          "title": "fills vacancies when pending seat data is missing but seat indexes reveal gaps"
        },
        {
          "ancestorTitles": ["loadMatchFlowSnapshot"],
          "duration": 2,
          "failureDetails": [],
          "failureMessages": [],
          "fullName": "loadMatchFlowSnapshot prefers stand-in candidates that match the pending seat role",
          "invocations": 1,
          "location": null,
          "numPassingAsserts": 5,
          "retryReasons": [],
          "status": "passed",
          "title": "prefers stand-in candidates that match the pending seat role"
        },
        {
          "ancestorTitles": ["loadMatchFlowSnapshot"],
          "duration": 5,
          "failureDetails": [],
          "failureMessages": [],
          "fullName": "loadMatchFlowSnapshot chooses the closest rating stand-in when multiple candidates share the role",
          "invocations": 1,
          "location": null,
          "numPassingAsserts": 5,
          "retryReasons": [],
          "status": "passed",
          "title": "chooses the closest rating stand-in when multiple candidates share the role"
        },
        {
          "ancestorTitles": ["loadMatchFlowSnapshot"],
          "duration": 1,
          "failureDetails": [],
          "failureMessages": [],
          "fullName": "loadMatchFlowSnapshot raises a latest-session hint when the RPC is unavailable",
          "invocations": 1,
          "location": null,
          "numPassingAsserts": 1,
          "retryReasons": [],
          "status": "passed",
          "title": "raises a latest-session hint when the RPC is unavailable"
        },
        {
          "ancestorTitles": ["loadMatchFlowSnapshot"],
          "duration": 4,
          "failureDetails": [],
          "failureMessages": [],
          "fullName": "loadMatchFlowSnapshot raises an ordered-set hint when the latest-session RPC is missing WITHIN GROUP",
          "invocations": 1,
          "location": null,
          "numPassingAsserts": 1,
          "retryReasons": [],
          "status": "passed",
          "title": "raises an ordered-set hint when the latest-session RPC is missing WITHIN GROUP"
        }
      ],
      "endTime": 1761197169718,
      "message": "",
      "name": "C:\\Users\\yujin\\Documents\\234423\\starbase\\ai-roomchat\\starbase\\ai-roomchat\\__tests__\\modules\\rank\\matchRealtimeSync.test.js",
      "startTime": 1761197169541,
      "status": "passed",
      "summary": ""
    },
    {
      "assertionResults": [
        {
          "ancestorTitles": ["RosterPanel visibility controls"],
          "duration": 8,
          "failureDetails": [],
          "failureMessages": [],
          "fullName": "RosterPanel visibility controls masks roster details for unauthorized viewers when details are hidden",
          "invocations": 1,
          "location": null,
          "numPassingAsserts": 6,
          "retryReasons": [],
          "status": "passed",
          "title": "masks roster details for unauthorized viewers when details are hidden"
        },
        {
          "ancestorTitles": ["RosterPanel visibility controls"],
          "duration": 2,
          "failureDetails": [],
          "failureMessages": [],
          "fullName": "RosterPanel visibility controls reveals full roster details when visibility is enabled",
          "invocations": 1,
          "location": null,
          "numPassingAsserts": 5,
          "retryReasons": [],
          "status": "passed",
          "title": "reveals full roster details when visibility is enabled"
        },
        {
          "ancestorTitles": ["RosterPanel visibility controls"],
          "duration": 6,
          "failureDetails": [],
          "failureMessages": [],
          "fullName": "RosterPanel visibility controls shows viewer seat details even when roster details are hidden globally",
          "invocations": 1,
          "location": null,
          "numPassingAsserts": 4,
          "retryReasons": [],
          "status": "passed",
          "title": "shows viewer seat details even when roster details are hidden globally"
        }
      ],
      "endTime": 1761197169749,
      "message": "",
      "name": "C:\\Users\\yujin\\Documents\\234423\\starbase\\ai-roomchat\\starbase\\ai-roomchat\\__tests__\\components\\rank\\StartClient\\RosterPanel.test.js",
      "startTime": 1761197169624,
      "status": "passed",
      "summary": ""
    },
    {
      "assertionResults": [
        {
          "ancestorTitles": ["audio monitor rules API"],
          "duration": 16,
          "failureDetails": [],
          "failureMessages": [],
          "fullName": "audio monitor rules API rejects unsupported methods",
          "invocations": 1,
          "location": null,
          "numPassingAsserts": 3,
          "retryReasons": [],
          "status": "passed",
          "title": "rejects unsupported methods"
        },
        {
          "ancestorTitles": ["audio monitor rules API"],
          "duration": 2,
          "failureDetails": [],
          "failureMessages": [],
          "fullName": "audio monitor rules API requires configured password",
          "invocations": 1,
          "location": null,
          "numPassingAsserts": 3,
          "retryReasons": [],
          "status": "passed",
          "title": "requires configured password"
        },
        {
          "ancestorTitles": ["audio monitor rules API"],
          "duration": 3,
          "failureDetails": [],
          "failureMessages": [],
          "fullName": "audio monitor rules API rejects missing session cookie",
          "invocations": 1,
          "location": null,
          "numPassingAsserts": 3,
          "retryReasons": [],
          "status": "passed",
          "title": "rejects missing session cookie"
        },
        {
          "ancestorTitles": ["audio monitor rules API"],
          "duration": 2,
          "failureDetails": [],
          "failureMessages": [],
          "fullName": "audio monitor rules API rejects invalid session cookie",
          "invocations": 1,
          "location": null,
          "numPassingAsserts": 3,
          "retryReasons": [],
          "status": "passed",
          "title": "rejects invalid session cookie"
        },
        {
          "ancestorTitles": ["audio monitor rules API"],
          "duration": 11,
          "failureDetails": [],
          "failureMessages": [],
          "fullName": "audio monitor rules API returns stored favorites and subscriptions",
          "invocations": 1,
          "location": null,
          "numPassingAsserts": 5,
          "retryReasons": [],
          "status": "passed",
          "title": "returns stored favorites and subscriptions"
        },
        {
          "ancestorTitles": ["audio monitor rules API"],
          "duration": 3,
          "failureDetails": [],
          "failureMessages": [],
          "fullName": "audio monitor rules API creates a favorite rule",
          "invocations": 1,
          "location": null,
          "numPassingAsserts": 3,
          "retryReasons": [],
          "status": "passed",
          "title": "creates a favorite rule"
        },
        {
          "ancestorTitles": ["audio monitor rules API"],
          "duration": 2,
          "failureDetails": [],
          "failureMessages": [],
          "fullName": "audio monitor rules API rejects subscription without channel info",
          "invocations": 1,
          "location": null,
          "numPassingAsserts": 3,
          "retryReasons": [],
          "status": "passed",
          "title": "rejects subscription without channel info"
        },
        {
          "ancestorTitles": ["audio monitor rules API"],
          "duration": 3,
          "failureDetails": [],
          "failureMessages": [],
          "fullName": "audio monitor rules API updates an existing subscription",
          "invocations": 1,
          "location": null,
          "numPassingAsserts": 3,
          "retryReasons": [],
          "status": "passed",
          "title": "updates an existing subscription"
        },
        {
          "ancestorTitles": ["audio monitor rules API"],
          "duration": 7,
          "failureDetails": [],
          "failureMessages": [],
          "fullName": "audio monitor rules API deletes a rule",
          "invocations": 1,
          "location": null,
          "numPassingAsserts": 3,
          "retryReasons": [],
          "status": "passed",
          "title": "deletes a rule"
        }
      ],
      "endTime": 1761197169786,
      "message": "",
      "name": "C:\\Users\\yujin\\Documents\\234423\\starbase\\ai-roomchat\\starbase\\ai-roomchat\\__tests__\\api\\admin\\audio-monitor-rules.test.js",
      "startTime": 1761197169666,
      "status": "passed",
      "summary": ""
    },
    {
      "assertionResults": [
        {
          "ancestorTitles": ["POST /api/rank/register-game"],
          "duration": 18,
          "failureDetails": [],
          "failureMessages": [],
          "fullName": "POST /api/rank/register-game requires a bearer token",
          "invocations": 1,
          "location": null,
          "numPassingAsserts": 4,
          "retryReasons": [],
          "status": "passed",
          "title": "requires a bearer token"
        },
        {
          "ancestorTitles": ["POST /api/rank/register-game"],
          "duration": 7,
          "failureDetails": [],
          "failureMessages": [],
          "fullName": "POST /api/rank/register-game registers the game when RPCs succeed",
          "invocations": 1,
          "location": null,
          "numPassingAsserts": 5,
          "retryReasons": [],
          "status": "passed",
          "title": "registers the game when RPCs succeed"
        },
        {
          "ancestorTitles": ["POST /api/rank/register-game"],
          "duration": 6,
          "failureDetails": [],
          "failureMessages": [],
          "fullName": "POST /api/rank/register-game returns 400 when verification fails",
          "invocations": 1,
          "location": null,
          "numPassingAsserts": 3,
          "retryReasons": [],
          "status": "passed",
          "title": "returns 400 when verification fails"
        },
        {
          "ancestorTitles": ["POST /api/rank/register-game"],
          "duration": 3,
          "failureDetails": [],
          "failureMessages": [],
          "fullName": "POST /api/rank/register-game continues when verification RPC is missing",
          "invocations": 1,
          "location": null,
          "numPassingAsserts": 3,
          "retryReasons": [],
          "status": "passed",
          "title": "continues when verification RPC is missing"
        },
        {
          "ancestorTitles": ["POST /api/rank/register-game"],
          "duration": 4,
          "failureDetails": [],
          "failureMessages": [],
          "fullName": "POST /api/rank/register-game rejects unknown prompt sets",
          "invocations": 1,
          "location": null,
          "numPassingAsserts": 3,
          "retryReasons": [],
          "status": "passed",
          "title": "rejects unknown prompt sets"
        },
        {
          "ancestorTitles": ["POST /api/rank/register-game"],
          "duration": 5,
          "failureDetails": [],
          "failureMessages": [],
          "fullName": "POST /api/rank/register-game returns 500 when prompt set lookup fails",
          "invocations": 1,
          "location": null,
          "numPassingAsserts": 3,
          "retryReasons": [],
          "status": "passed",
          "title": "returns 500 when prompt set lookup fails"
        }
      ],
      "endTime": 1761197169837,
      "message": "",
      "name": "C:\\Users\\yujin\\Documents\\234423\\starbase\\ai-roomchat\\starbase\\ai-roomchat\\__tests__\\api\\rank\\register-game.test.js",
      "startTime": 1761197169732,
      "status": "passed",
      "summary": ""
    },
    {
      "assertionResults": [
        {
          "ancestorTitles": ["GET /api/admin/errors"],
          "duration": 11,
          "failureDetails": [],
          "failureMessages": [],
          "fullName": "GET /api/admin/errors rejects non-GET methods",
          "invocations": 1,
          "location": null,
          "numPassingAsserts": 3,
          "retryReasons": [],
          "status": "passed",
          "title": "rejects non-GET methods"
        },
        {
          "ancestorTitles": ["GET /api/admin/errors"],
          "duration": 3,
          "failureDetails": [],
          "failureMessages": [],
          "fullName": "GET /api/admin/errors requires the admin password to be configured",
          "invocations": 1,
          "location": null,
          "numPassingAsserts": 2,
          "retryReasons": [],
          "status": "passed",
          "title": "requires the admin password to be configured"
        },
        {
          "ancestorTitles": ["GET /api/admin/errors"],
          "duration": 2,
          "failureDetails": [],
          "failureMessages": [],
          "fullName": "GET /api/admin/errors rejects missing session tokens",
          "invocations": 1,
          "location": null,
          "numPassingAsserts": 3,
          "retryReasons": [],
          "status": "passed",
          "title": "rejects missing session tokens"
        },
        {
          "ancestorTitles": ["GET /api/admin/errors"],
          "duration": 6,
          "failureDetails": [],
          "failureMessages": [],
          "fullName": "GET /api/admin/errors rejects invalid session tokens",
          "invocations": 1,
          "location": null,
          "numPassingAsserts": 3,
          "retryReasons": [],
          "status": "passed",
          "title": "rejects invalid session tokens"
        },
        {
          "ancestorTitles": ["GET /api/admin/errors"],
          "duration": 2,
          "failureDetails": [],
          "failureMessages": [],
          "fullName": "GET /api/admin/errors returns recent error reports with stats",
          "invocations": 1,
          "location": null,
          "numPassingAsserts": 7,
          "retryReasons": [],
          "status": "passed",
[...]
          "duration": 1,
          "failureDetails": [],
          "failureMessages": [],
          "fullName": "asyncStandinUtils buildDebugSeatExample returns default seats",
          "invocations": 1,
          "location": null,
          "numPassingAsserts": 3,
          "retryReasons": [],
          "status": "passed",
          "title": "buildDebugSeatExample returns default seats"
        },
        {
          "ancestorTitles": ["asyncStandinUtils"],
          "duration": 1,
          "failureDetails": [],
          "failureMessages": [],
          "fullName": "asyncStandinUtils createPlaceholderCandidate returns normalized stand-in details",
          "invocations": 1,
          "location": null,
          "numPassingAsserts": 9,
          "retryReasons": [],
          "status": "passed",
          "title": "createPlaceholderCandidate returns normalized stand-in details"
        },
        {
          "ancestorTitles": ["asyncStandinUtils"],
          "duration": 1,
          "failureDetails": [],
          "failureMessages": [],
          "fullName": "asyncStandinUtils deriveGapForSeat prefers score gap when seat has score reference",
          "invocations": 1,
          "location": null,
          "numPassingAsserts": 1,
          "retryReasons": [],
          "status": "passed",
          "title": "deriveGapForSeat prefers score gap when seat has score reference"
        },
        {
          "ancestorTitles": ["asyncStandinUtils"],
          "duration": 0,
          "failureDetails": [],
          "failureMessages": [],
          "fullName": "asyncStandinUtils deriveGapForSeat falls back to rating gap",
          "invocations": 1,
          "location": null,
          "numPassingAsserts": 1,
          "retryReasons": [],
          "status": "passed",
          "title": "deriveGapForSeat falls back to rating gap"
        },
        {
          "ancestorTitles": ["asyncStandinUtils"],
          "duration": 1,
          "failureDetails": [],
          "failureMessages": [],
          "fullName": "asyncStandinUtils pickRandomCandidateForSeat widens tolerance when needed",
          "invocations": 1,
          "location": null,
          "numPassingAsserts": 4,
          "retryReasons": [],
          "status": "passed",
          "title": "pickRandomCandidateForSeat widens tolerance when needed"
        },
        {
          "ancestorTitles": ["asyncStandinUtils"],
          "duration": 0,
          "failureDetails": [],
          "failureMessages": [],
          "fullName": "asyncStandinUtils pickRandomCandidateForSeat returns null when candidates are all excluded",
          "invocations": 1,
          "location": null,
          "numPassingAsserts": 1,
          "retryReasons": [],
          "status": "passed",
          "title": "pickRandomCandidateForSeat returns null when candidates are all excluded"
        }
      ],
      "endTime": 1761197170961,
      "message": "",
      "name": "C:\\Users\\yujin\\Documents\\234423\\starbase\\ai-roomchat\\starbase\\ai-roomchat\\__tests__\\lib\\rank\\asyncStandinUtils.test.js",
      "startTime": 1761197170888,
      "status": "passed",
      "summary": ""
    },
    {
      "assertionResults": [
        {
          "ancestorTitles": ["reconcileParticipantsForGame"],
          "duration": 3,
          "failureDetails": [],
          "failureMessages": [],
          "fullName": "reconcileParticipantsForGame keeps participants whose roles match the slot layout",
          "invocations": 1,
          "location": null,
          "numPassingAsserts": 2,
          "retryReasons": [],
          "status": "passed",
          "title": "keeps participants whose roles match the slot layout"
        },
        {
          "ancestorTitles": ["reconcileParticipantsForGame"],
          "duration": 7,
          "failureDetails": [],
          "failureMessages": [],
          "fullName": "reconcileParticipantsForGame removes participants whose roles conflict with slot expectations",
          "invocations": 1,
          "location": null,
          "numPassingAsserts": 3,
          "retryReasons": [],
          "status": "passed",
          "title": "removes participants whose roles conflict with slot expectations"
        },
        {
          "ancestorTitles": ["reconcileParticipantsForGame"],
          "duration": 4,
          "failureDetails": [],
          "failureMessages": [],
          "fullName": "reconcileParticipantsForGame consults matching metadata when layout data is incomplete",
          "invocations": 1,
          "location": null,
          "numPassingAsserts": 3,
          "retryReasons": [],
          "status": "passed",
          "title": "consults matching metadata when layout data is incomplete"
        },
        {
          "ancestorTitles": ["formatPreflightSummary"],
          "duration": 1,
          "failureDetails": [],
          "failureMessages": [],
          "fullName": "formatPreflightSummary produces a readable summary for removed participants",
          "invocations": 1,
          "location": null,
          "numPassingAsserts": 4,
          "retryReasons": [],
          "status": "passed",
          "title": "produces a readable summary for removed participants"
        }
      ],
      "endTime": 1761197170996,
      "message": "",
      "name": "C:\\Users\\yujin\\Documents\\234423\\starbase\\ai-roomchat\\starbase\\ai-roomchat\\__tests__\\components\\rank\\StartClient\\engine\\preflight.test.js",
      "startTime": 1761197170910,
      "status": "passed",
      "summary": ""
    },
    {
      "assertionResults": [
        {
          "ancestorTitles": ["chatHistory utilities"],
          "duration": 1,
          "failureDetails": [],
          "failureMessages": [],
          "fullName": "chatHistory utilities normalizes history entries for request payloads",
          "invocations": 1,
          "location": null,
          "numPassingAsserts": 1,
          "retryReasons": [],
          "status": "passed",
          "title": "normalizes history entries for request payloads"
        },
        {
          "ancestorTitles": ["chatHistory utilities"],
          "duration": 1,
          "failureDetails": [],
          "failureMessages": [],
          "fullName": "chatHistory utilities applies limits and matches provider sanitizer output",
          "invocations": 1,
          "location": null,
          "numPassingAsserts": 2,
          "retryReasons": [],
          "status": "passed",
          "title": "applies limits and matches provider sanitizer output"
        }
      ],
      "endTime": 1761197171029,
      "message": "",
      "name": "C:\\Users\\yujin\\Documents\\234423\\starbase\\ai-roomchat\\starbase\\ai-roomchat\\__tests__\\lib\\rank\\chatHistory.test.js",
      "startTime": 1761197170965,
      "status": "passed",
      "summary": ""
    },
    {
      "assertionResults": [
        {
          "ancestorTitles": ["prepareRegistrationPayload"],
          "duration": 2,
          "failureDetails": [],
          "failureMessages": [],
          "fullName": "prepareRegistrationPayload requires at least one active slot with a role",
          "invocations": 1,
          "location": null,
          "numPassingAsserts": 2,
          "retryReasons": [],
          "status": "passed",
          "title": "requires at least one active slot with a role"
        },
        {
          "ancestorTitles": ["prepareRegistrationPayload"],
          "duration": 5,
          "failureDetails": [],
          "failureMessages": [],
          "fullName": "prepareRegistrationPayload derives role slot counts from the provided slots",
          "invocations": 1,
          "location": null,
          "numPassingAsserts": 4,
          "retryReasons": [],
          "status": "passed",
          "title": "derives role slot counts from the provided slots"
        },
        {
          "ancestorTitles": ["prepareRegistrationPayload"],
          "duration": 0,
          "failureDetails": [],
          "failureMessages": [],
          "fullName": "prepareRegistrationPayload accepts slot_map alias and trims role names",
          "invocations": 1,
          "location": null,
          "numPassingAsserts": 3,
          "retryReasons": [],
          "status": "passed",
          "title": "accepts slot_map alias and trims role names"
        }
      ],
      "endTime": 1761197171052,
      "message": "",
      "name": "C:\\Users\\yujin\\Documents\\234423\\starbase\\ai-roomchat\\starbase\\ai-roomchat\\__tests__\\lib\\rank\\registrationValidation.test.js",
      "startTime": 1761197170973,
      "status": "passed",
      "summary": ""
    },
    {
      "assertionResults": [
        {
          "ancestorTitles": ["normalizeHeroIdValue"],
          "duration": 1,
          "failureDetails": [],
          "failureMessages": [],
          "fullName": "normalizeHeroIdValue normalizes numeric ids to strings",
          "invocations": 1,
          "location": null,
          "numPassingAsserts": 1,
          "retryReasons": [],
          "status": "passed",
          "title": "normalizes numeric ids to strings"
        },
        {
          "ancestorTitles": ["normalizeHeroIdValue"],
          "duration": 1,
          "failureDetails": [],
          "failureMessages": [],
          "fullName": "normalizeHeroIdValue returns null for empty strings",
          "invocations": 1,
          "location": null,
          "numPassingAsserts": 1,
          "retryReasons": [],
          "status": "passed",
          "title": "returns null for empty strings"
        },
        {
          "ancestorTitles": ["resolveParticipantHeroId"],
          "duration": 0,
          "failureDetails": [],
          "failureMessages": [],
          "fullName": "resolveParticipantHeroId prefers direct hero_id when present",
          "invocations": 1,
          "location": null,
          "numPassingAsserts": 1,
          "retryReasons": [],
          "status": "passed",
          "title": "prefers direct hero_id when present"
        },
        {
          "ancestorTitles": ["resolveParticipantHeroId"],
          "duration": 0,
          "failureDetails": [],
          "failureMessages": [],
          "fullName": "resolveParticipantHeroId falls back to hero_ids array when direct id missing",
          "invocations": 1,
          "location": null,
          "numPassingAsserts": 1,
          "retryReasons": [],
          "status": "passed",
          "title": "falls back to hero_ids array when direct id missing"
        },
        {
          "ancestorTitles": ["resolveParticipantHeroId"],
          "duration": 0,
          "failureDetails": [],
          "failureMessages": [],
          "fullName": "resolveParticipantHeroId falls back to nested hero object id",
          "invocations": 1,
          "location": null,
          "numPassingAsserts": 1,
          "retryReasons": [],
          "status": "passed",
          "title": "falls back to nested hero object id"
        },
        {
          "ancestorTitles": ["normalizeParticipantRecord"],
          "duration": 3,
          "failureDetails": [],
          "failureMessages": [],
          "fullName": "normalizeParticipantRecord normalizes participant fields for roster indexing",
          "invocations": 1,
          "location": null,
          "numPassingAsserts": 2,
          "retryReasons": [],
          "status": "passed",
          "title": "normalizes participant fields for roster indexing"
        },
        {
          "ancestorTitles": ["buildOwnerParticipantIndex"],
          "duration": 1,
          "failureDetails": [],
          "failureMessages": [],
          "fullName": "buildOwnerParticipantIndex groups participants by owner and sorts by recency",
          "invocations": 1,
          "location": null,
          "numPassingAsserts": 3,
          "retryReasons": [],
          "status": "passed",
          "title": "groups participants by owner and sorts by recency"
        },
        {
          "ancestorTitles": ["guessOwnerParticipant"],
          "duration": 1,
          "failureDetails": [],
          "failureMessages": [],
          "fullName": "guessOwnerParticipant prefers matching role entries when available",
          "invocations": 1,
          "location": null,
          "numPassingAsserts": 2,
          "retryReasons": [],
          "status": "passed",
          "title": "prefers matching role entries when available"
        },
        {
          "ancestorTitles": ["guessOwnerParticipant"],
          "duration": 0,
          "failureDetails": [],
          "failureMessages": [],
          "fullName": "guessOwnerParticipant falls back to explicit hero when roster missing",
          "invocations": 1,
          "location": null,
          "numPassingAsserts": 2,
          "retryReasons": [],
          "status": "passed",
          "title": "falls back to explicit hero when roster missing"
        }
      ],
      "endTime": 1761197171069,
      "message": "",
      "name": "C:\\Users\\yujin\\Documents\\234423\\starbase\\ai-roomchat\\starbase\\ai-roomchat\\__tests__\\lib\\rank\\participantUtils.test.js",
      "startTime": 1761197171009,
      "status": "passed",
      "summary": ""
    },
    {
      "assertionResults": [
        {
          "ancestorTitles": ["participants helpers"],
          "duration": 1,
          "failureDetails": [],
          "failureMessages": [],
          "fullName": "participants helpers collects unique owner ids in first-seen order",
          "invocations": 1,
          "location": null,
          "numPassingAsserts": 1,
          "retryReasons": [],
          "status": "passed",
          "title": "collects unique owner ids in first-seen order"
        },
        {
          "ancestorTitles": ["participants helpers"],
          "duration": 0,
          "failureDetails": [],
          "failureMessages": [],
          "fullName": "participants helpers builds an owner-participant map keyed by normalized owner id",
          "invocations": 1,
          "location": null,
          "numPassingAsserts": 3,
          "retryReasons": [],
          "status": "passed",
          "title": "builds an owner-participant map keyed by normalized owner id"
        },
        {
          "ancestorTitles": ["participants helpers"],
          "duration": 1,
          "failureDetails": [],
          "failureMessages": [],
          "fullName": "participants helpers creates a roster snapshot with hero metadata",
          "invocations": 1,
          "location": null,
          "numPassingAsserts": 1,
          "retryReasons": [],
          "status": "passed",
          "title": "creates a roster snapshot with hero metadata"
        }
      ],
      "endTime": 1761197171104,
      "message": "",
      "name": "C:\\Users\\yujin\\Documents\\234423\\starbase\\ai-roomchat\\starbase\\ai-roomchat\\__tests__\\components\\rank\\StartClient\\engine\\participants.test.js",
      "startTime": 1761197171044,
      "status": "passed",
      "summary": ""
    },
    {
      "assertionResults": [
        {
          "ancestorTitles": ["roleLayoutLoader"],
          "duration": 3,
          "failureDetails": [],
          "failureMessages": [],
          "fullName": "roleLayoutLoader loads active roles and slots from Supabase tables",
          "invocations": 1,
          "location": null,
          "numPassingAsserts": 5,
          "retryReasons": [],
          "status": "passed",
          "title": "loads active roles and slots from Supabase tables"
        },
        {
          "ancestorTitles": ["roleLayoutLoader"],
          "duration": 1,
          "failureDetails": [],
          "failureMessages": [],
          "fullName": "roleLayoutLoader falls back to inline rank_games roles when tables have no data",
          "invocations": 1,
          "location": null,
          "numPassingAsserts": 3,
          "retryReasons": [],
          "status": "passed",
          "title": "falls back to inline rank_games roles when tables have no data"
        },
        {
          "ancestorTitles": ["roleLayoutLoader"],
          "duration": 1,
          "failureDetails": [],
          "failureMessages": [],
          "fullName": "roleLayoutLoader exposes active role counts when loading active roles",
          "invocations": 1,
          "location": null,
          "numPassingAsserts": 1,
          "retryReasons": [],
          "status": "passed",
          "title": "exposes active role counts when loading active roles"
        }
      ],
      "endTime": 1761197171127,
      "message": "",
      "name": "C:\\Users\\yujin\\Documents\\234423\\starbase\\ai-roomchat\\starbase\\ai-roomchat\\__tests__\\lib\\rank\\roleLayoutLoader.test.js",
      "startTime": 1761197171062,
      "status": "passed",
      "summary": ""
    },
    {
      "assertionResults": [
        {
          "ancestorTitles": ["matchRoleSummary helpers"],
          "duration": 2,
          "failureDetails": [],
          "failureMessages": [],
          "fullName": "matchRoleSummary helpers summarises slot layout occupancy and detects readiness",
          "invocations": 1,
          "location": null,
          "numPassingAsserts": 3,
          "retryReasons": [],
          "status": "passed",
          "title": "summarises slot layout occupancy and detects readiness"
        },
        {
          "ancestorTitles": ["matchRoleSummary helpers"],
          "duration": 1,
          "failureDetails": [],
          "failureMessages": [],
          "fullName": "matchRoleSummary helpers falls back to role counts when layout is unavailable",
          "invocations": 1,
          "location": null,
          "numPassingAsserts": 1,
          "retryReasons": [],
          "status": "passed",
          "title": "falls back to role counts when layout is unavailable"
        }
      ],
      "endTime": 1761197171166,
      "message": "",
      "name": "C:\\Users\\yujin\\Documents\\234423\\starbase\\ai-roomchat\\starbase\\ai-roomchat\\__tests__\\lib\\rank\\matchRoleSummary.test.js",
      "startTime": 1761197171104,
      "status": "passed",
      "summary": ""
    },
    {
      "assertionResults": [
        {
          "ancestorTitles": ["buildHistorySeedEntries"],
          "duration": 1,
          "failureDetails": [],
          "failureMessages": [],
          "fullName": "buildHistorySeedEntries returns empty array for invalid payloads",
          "invocations": 1,
          "location": null,
          "numPassingAsserts": 2,
          "retryReasons": [],
          "status": "passed",
          "title": "returns empty array for invalid payloads"
        },
        {
          "ancestorTitles": ["buildHistorySeedEntries"],
          "duration": 1,
          "failureDetails": [],
          "failureMessages": [],
          "fullName": "buildHistorySeedEntries normalizes turns including hidden entries for AI memory",
          "invocations": 1,
          "location": null,
          "numPassingAsserts": 2,
          "retryReasons": [],
          "status": "passed",
          "title": "normalizes turns including hidden entries for AI memory"
        },
        {
          "ancestorTitles": ["buildHistorySeedEntries"],
          "duration": 0,
          "failureDetails": [],
          "failureMessages": [],
          "fullName": "buildHistorySeedEntries respects suppression flags from metadata and summary payloads",
          "invocations": 1,
          "location": null,
          "numPassingAsserts": 3,
          "retryReasons": [],
          "status": "passed",
          "title": "respects suppression flags from metadata and summary payloads"
        }
      ],
      "endTime": 1761197171177,
      "message": "",
      "name": "C:\\Users\\yujin\\Documents\\234423\\starbase\\ai-roomchat\\starbase\\ai-roomchat\\__tests__\\lib\\rank\\historySeeds.test.js",
      "startTime": 1761197171121,
      "status": "passed",
      "summary": ""
    }
  ],
  "wasInterrupted": false
}
